<?xml version="1.0" encoding="UTF-8"?>
<testng-results ignored="0" total="5" passed="5" failed="0" skipped="0">
  <reporter-output>
  </reporter-output>
  <suite started-at="2020-03-23T02:10:09 PKT" name="Suite" finished-at="2020-03-23T02:10:17 PKT" duration-ms="7956">
    <groups>
    </groups>
    <test started-at="2020-03-23T02:10:09 PKT" name="Test" finished-at="2020-03-23T02:10:17 PKT" duration-ms="7956">
      <class name="com.apitest.validation.smokeTest">
        <test-method is-config="true" signature="initialSetup()[pri:0, instance:com.apitest.validation.smokeTest@7749bf93]" started-at="2020-03-23T02:10:09 PKT" name="initialSetup" finished-at="2020-03-23T02:10:09 PKT" duration-ms="423" status="PASS">
          <reporter-output>
          </reporter-output>
        </test-method> <!-- initialSetup -->
        <test-method signature="addPet(int, java.lang.String)[pri:1, instance:com.apitest.validation.smokeTest@7749bf93]" started-at="2020-03-23T02:10:09 PKT" name="addPet" data-provider="testData" finished-at="2020-03-23T02:10:13 PKT" duration-ms="3372" status="PASS">
          <params>
            <param index="0">
              <value>
                <![CDATA[50013]]>
              </value>
            </param>
            <param index="1">
              <value>
                <![CDATA[assignmentPet]]>
              </value>
            </param>
          </params>
          <reporter-output>
          </reporter-output>
        </test-method> <!-- addPet -->
        <test-method signature="addPet(int, java.lang.String)[pri:1, instance:com.apitest.validation.smokeTest@7749bf93]" started-at="2020-03-23T02:10:13 PKT" name="addPet" data-provider="testData" finished-at="2020-03-23T02:10:14 PKT" duration-ms="858" status="PASS">
          <params>
            <param index="0">
              <value>
                <![CDATA[50014]]>
              </value>
            </param>
            <param index="1">
              <value>
                <![CDATA[assignmentPet2]]>
              </value>
            </param>
          </params>
          <reporter-output>
          </reporter-output>
        </test-method> <!-- addPet -->
        <test-method signature="findPetByid()[pri:2, instance:com.apitest.validation.smokeTest@7749bf93]" started-at="2020-03-23T02:10:14 PKT" name="findPetByid" finished-at="2020-03-23T02:10:15 PKT" duration-ms="877" status="PASS">
          <reporter-output>
          </reporter-output>
        </test-method> <!-- findPetByid -->
        <test-method signature="deletePetByid()[pri:3, instance:com.apitest.validation.smokeTest@7749bf93]" started-at="2020-03-23T02:10:15 PKT" name="deletePetByid" finished-at="2020-03-23T02:10:15 PKT" duration-ms="925" status="PASS">
          <reporter-output>
          </reporter-output>
        </test-method> <!-- deletePetByid -->
        <test-method signature="findPetByStatus()[pri:4, instance:com.apitest.validation.smokeTest@7749bf93]" started-at="2020-03-23T02:10:15 PKT" name="findPetByStatus" finished-at="2020-03-23T02:10:17 PKT" duration-ms="1463" status="PASS">
          <reporter-output>
          </reporter-output>
        </test-method> <!-- findPetByStatus -->
      </class> <!-- com.apitest.validation.smokeTest -->
    </test> <!-- Test -->
  </suite> <!-- Suite -->
</testng-results>
