<?xml version="1.0" encoding="UTF-8"?>
<testsuite xmlns:xsi="http://www.w3.org/2001/XMLSchema-instance" xsi:noNamespaceSchemaLocation="https://maven.apache.org/surefire/maven-surefire-plugin/xsd/surefire-test-report-3.0.xsd" version="3.0" name="TestSuite" time="9.789" tests="5" errors="0" skipped="0" failures="0">
  <properties>
[...]
</properties>
  <testcase name="addPet" classname="com.apitest.validation.smokeTest" time="3.377"/>
  <testcase name="addPet" classname="com.apitest.validation.smokeTest" time="0.855"/>
  <testcase name="findPetByid" classname="com.apitest.validation.smokeTest" time="0.877"/>
  <testcase name="deletePetByid" classname="com.apitest.validation.smokeTest" time="0.926"/>
  <testcase name="findPetByStatus" classname="com.apitest.validation.smokeTest" time="1.464"/>
</testsuite>