<?xml version="1.0" encoding="UTF-8"?>
<!-- Generated by org.testng.reporters.JUnitXMLReporter -->
<testsuite ignored="0" hostname="Lptp088" failures="0" tests="5" name="Test" time="7.956" errors="0" timestamp="2020-03-23T02:10:17 PKT">
  <testcase classname="com.apitest.validation.smokeTest" name="addPet" time="3.372"/>
  <testcase classname="com.apitest.validation.smokeTest" name="addPet" time="0.858"/>
  <testcase classname="com.apitest.validation.smokeTest" name="findPetByid" time="0.877"/>
  <testcase classname="com.apitest.validation.smokeTest" name="deletePetByid" time="0.925"/>
  <testcase classname="com.apitest.validation.smokeTest" name="findPetByStatus" time="1.463"/>
</testsuite> <!-- Test -->
